[debug] [2020-11-07T03:42:42.861Z] ----------------------------------------------------------------------
[debug] [2020-11-07T03:42:42.863Z] Command:       C:\Program Files\nodejs\node.exe C:\Users\renbe\AppData\Roaming\npm\node_modules\firebase-tools\lib\bin\firebase.js deploy --only functions
[debug] [2020-11-07T03:42:42.863Z] CLI Version:   8.15.1
[debug] [2020-11-07T03:42:42.863Z] Platform:      win32
[debug] [2020-11-07T03:42:42.863Z] Node Version:  v14.15.0
[debug] [2020-11-07T03:42:42.864Z] Time:          Fri Nov 06 2020 23:42:42 GMT-0400 (Atlantic Standard Time)
[debug] [2020-11-07T03:42:42.864Z] ----------------------------------------------------------------------
[debug] [2020-11-07T03:42:42.864Z] 
[debug] [2020-11-07T03:42:42.870Z] > command requires scopes: ["email","openid","https://www.googleapis.com/auth/cloudplatformprojects.readonly","https://www.googleapis.com/auth/firebase","https://www.googleapis.com/auth/cloud-platform"]
[debug] [2020-11-07T03:42:42.870Z] > authorizing via signed-in user
[debug] [2020-11-07T03:42:42.870Z] [iam] checking project nextjs-ecommerce for permissions ["cloudfunctions.functions.create","cloudfunctions.functions.delete","cloudfunctions.functions.get","cloudfunctions.functions.list","cloudfunctions.functions.update","cloudfunctions.operations.get","firebase.projects.get"]
[debug] [2020-11-07T03:42:42.872Z] > refreshing access token with scopes: ["email","https://www.googleapis.com/auth/cloud-platform","https://www.googleapis.com/auth/cloudplatformprojects.readonly","https://www.googleapis.com/auth/firebase","openid"]
[debug] [2020-11-07T03:42:42.873Z] >>> HTTP REQUEST POST https://www.googleapis.com/oauth2/v3/token  
 <request body omitted>
[debug] [2020-11-07T03:42:43.024Z] <<< HTTP RESPONSE 200 {"expires":"Mon, 01 Jan 1990 00:00:00 GMT","pragma":"no-cache","date":"Sat, 07 Nov 2020 03:42:43 GMT","cache-control":"no-cache, no-store, max-age=0, must-revalidate","content-type":"application/json; charset=utf-8","vary":"X-Origin, Referer, Origin,Accept-Encoding","server":"scaffolding on HTTPServer2","x-xss-protection":"0","x-frame-options":"SAMEORIGIN","x-content-type-options":"nosniff","alt-svc":"h3-Q050=\":443\"; ma=2592000,h3-29=\":443\"; ma=2592000,h3-T051=\":443\"; ma=2592000,h3-T050=\":443\"; ma=2592000,h3-Q046=\":443\"; ma=2592000,h3-Q043=\":443\"; ma=2592000,quic=\":443\"; ma=2592000; v=\"46,43\"","accept-ranges":"none","transfer-encoding":"chunked"}
[debug] [2020-11-07T03:42:43.027Z] >>> HTTP REQUEST POST https://cloudresourcemanager.googleapis.com/v1/projects/nextjs-ecommerce:testIamPermissions  
 {"permissions":["cloudfunctions.functions.create","cloudfunctions.functions.delete","cloudfunctions.functions.get","cloudfunctions.functions.list","cloudfunctions.functions.update","cloudfunctions.operations.get","firebase.projects.get"]}
[debug] [2020-11-07T03:42:43.339Z] <<< HTTP RESPONSE 200 {"content-type":"application/json; charset=UTF-8","vary":"X-Origin, Referer, Origin,Accept-Encoding","date":"Sat, 07 Nov 2020 03:42:43 GMT","server":"ESF","cache-control":"private","x-xss-protection":"0","x-frame-options":"SAMEORIGIN","x-content-type-options":"nosniff","server-timing":"gfet4t7; dur=183","alt-svc":"h3-Q050=\":443\"; ma=2592000,h3-29=\":443\"; ma=2592000,h3-T051=\":443\"; ma=2592000,h3-T050=\":443\"; ma=2592000,h3-Q046=\":443\"; ma=2592000,h3-Q043=\":443\"; ma=2592000,quic=\":443\"; ma=2592000; v=\"46,43\"","accept-ranges":"none","transfer-encoding":"chunked"}
[debug] [2020-11-07T03:42:43.340Z] >>> HTTP REQUEST POST https://iam.googleapis.com/v1/projects/nextjs-ecommerce/serviceAccounts/nextjs-ecommerce@appspot.gserviceaccount.com:testIamPermissions  
 {"permissions":["iam.serviceAccounts.actAs"]}
[debug] [2020-11-07T03:42:43.607Z] <<< HTTP RESPONSE 200 {"content-type":"application/json; charset=UTF-8","vary":"X-Origin, Referer, Origin,Accept-Encoding","date":"Sat, 07 Nov 2020 03:42:43 GMT","server":"ESF","cache-control":"private","x-xss-protection":"0","x-frame-options":"SAMEORIGIN","x-content-type-options":"nosniff","alt-svc":"h3-Q050=\":443\"; ma=2592000,h3-29=\":443\"; ma=2592000,h3-T051=\":443\"; ma=2592000,h3-T050=\":443\"; ma=2592000,h3-Q046=\":443\"; ma=2592000,h3-Q043=\":443\"; ma=2592000,quic=\":443\"; ma=2592000; v=\"46,43\"","accept-ranges":"none","transfer-encoding":"chunked"}
[info] 
[info] === Deploying to 'nextjs-ecommerce'...
[info] 
[info] i  deploying functions 
[info] Running command: npm --prefix "$RESOURCE_DIR" run lint
[info] +  functions: Finished running predeploy script. 
[debug] [2020-11-07T03:42:47.010Z] > [functions] package.json contents: {
  "name": "functions",
  "description": "Cloud Functions for Firebase",
  "scripts": {
    "lint": "eslint .",
    "serve": "firebase emulators:start --only functions",
    "shell": "firebase functions:shell",
    "start": "npm run shell",
    "deploy": "firebase deploy --only functions",
    "logs": "firebase functions:log"
  },
  "engines": {
    "node": "12"
  },
  "main": "index.js",
  "dependencies": {
    "firebase-admin": "^9.2.0",
    "firebase-functions": "^3.11.0",
    "nanoid": "^3.1.16",
    "stripe": "^8.119.0",
    "use-shopping-cart": "^2.1.0"
  },
  "devDependencies": {
    "eslint": "^5.12.0",
    "eslint-plugin-promise": "^4.0.1",
    "firebase-functions-test": "^0.2.0"
  },
  "private": true
}
[info] i  functions: ensuring required API cloudfunctions.googleapis.com is enabled... 
[info] i  functions: ensuring required API cloudbuild.googleapis.com is enabled... 
[debug] [2020-11-07T03:42:48.231Z] >>> HTTP REQUEST GET https://serviceusage.googleapis.com/v1/projects/nextjs-ecommerce/services/cloudfunctions.googleapis.com  
 
[debug] [2020-11-07T03:42:48.232Z] >>> HTTP REQUEST GET https://serviceusage.googleapis.com/v1/projects/nextjs-ecommerce/services/runtimeconfig.googleapis.com  
 
[debug] [2020-11-07T03:42:48.232Z] >>> HTTP REQUEST GET https://serviceusage.googleapis.com/v1/projects/nextjs-ecommerce/services/cloudbuild.googleapis.com  
 
[debug] [2020-11-07T03:42:48.734Z] <<< HTTP RESPONSE 200 {"content-type":"application/json; charset=UTF-8","vary":"X-Origin, Referer, Origin,Accept-Encoding","date":"Sat, 07 Nov 2020 03:42:48 GMT","server":"ESF","cache-control":"private","x-xss-protection":"0","x-frame-options":"SAMEORIGIN","x-content-type-options":"nosniff","alt-svc":"h3-Q050=\":443\"; ma=2592000,h3-29=\":443\"; ma=2592000,h3-T051=\":443\"; ma=2592000,h3-T050=\":443\"; ma=2592000,h3-Q046=\":443\"; ma=2592000,h3-Q043=\":443\"; ma=2592000,quic=\":443\"; ma=2592000; v=\"46,43\"","accept-ranges":"none","transfer-encoding":"chunked"}
[debug] [2020-11-07T03:42:48.755Z] <<< HTTP RESPONSE 200 {"content-type":"application/json; charset=UTF-8","vary":"X-Origin, Referer, Origin,Accept-Encoding","date":"Sat, 07 Nov 2020 03:42:48 GMT","server":"ESF","cache-control":"private","x-xss-protection":"0","x-frame-options":"SAMEORIGIN","x-content-type-options":"nosniff","alt-svc":"h3-Q050=\":443\"; ma=2592000,h3-29=\":443\"; ma=2592000,h3-T051=\":443\"; ma=2592000,h3-T050=\":443\"; ma=2592000,h3-Q046=\":443\"; ma=2592000,h3-Q043=\":443\"; ma=2592000,quic=\":443\"; ma=2592000; v=\"46,43\"","accept-ranges":"none","transfer-encoding":"chunked"}
[info] +  functions: required API cloudbuild.googleapis.com is enabled 
[debug] [2020-11-07T03:42:48.774Z] <<< HTTP RESPONSE 200 {"content-type":"application/json; charset=UTF-8","vary":"X-Origin, Referer, Origin,Accept-Encoding","date":"Sat, 07 Nov 2020 03:42:48 GMT","server":"ESF","cache-control":"private","x-xss-protection":"0","x-frame-options":"SAMEORIGIN","x-content-type-options":"nosniff","alt-svc":"h3-Q050=\":443\"; ma=2592000,h3-29=\":443\"; ma=2592000,h3-T051=\":443\"; ma=2592000,h3-T050=\":443\"; ma=2592000,h3-Q046=\":443\"; ma=2592000,h3-Q043=\":443\"; ma=2592000,quic=\":443\"; ma=2592000; v=\"46,43\"","accept-ranges":"none","transfer-encoding":"chunked"}
[info] +  functions: required API cloudfunctions.googleapis.com is enabled 
[debug] [2020-11-07T03:42:48.775Z] >>> HTTP REQUEST GET https://firebase.googleapis.com/v1beta1/projects/nextjs-ecommerce/adminSdkConfig  
 
[debug] [2020-11-07T03:42:49.022Z] <<< HTTP RESPONSE 200 {"content-type":"application/json; charset=UTF-8","vary":"X-Origin, Referer, Origin,Accept-Encoding","date":"Sat, 07 Nov 2020 03:42:49 GMT","server":"ESF","cache-control":"private","x-xss-protection":"0","x-frame-options":"SAMEORIGIN","x-content-type-options":"nosniff","alt-svc":"h3-Q050=\":443\"; ma=2592000,h3-29=\":443\"; ma=2592000,h3-T051=\":443\"; ma=2592000,h3-T050=\":443\"; ma=2592000,h3-Q046=\":443\"; ma=2592000,h3-Q043=\":443\"; ma=2592000,quic=\":443\"; ma=2592000; v=\"46,43\"","accept-ranges":"none","transfer-encoding":"chunked"}
[info] i  functions: preparing functions directory for uploading... 
[debug] [2020-11-07T03:42:49.023Z] >>> HTTP REQUEST GET https://runtimeconfig.googleapis.com/v1beta1/projects/nextjs-ecommerce/configs  
 
[debug] [2020-11-07T03:42:49.292Z] <<< HTTP RESPONSE 200 {"content-type":"application/json; charset=UTF-8","vary":"X-Origin, Referer, Origin,Accept-Encoding","date":"Sat, 07 Nov 2020 03:42:49 GMT","server":"ESF","cache-control":"private","x-xss-protection":"0","x-frame-options":"SAMEORIGIN","x-content-type-options":"nosniff","alt-svc":"h3-Q050=\":443\"; ma=2592000,h3-29=\":443\"; ma=2592000,h3-T051=\":443\"; ma=2592000,h3-T050=\":443\"; ma=2592000,h3-Q046=\":443\"; ma=2592000,h3-Q043=\":443\"; ma=2592000,quic=\":443\"; ma=2592000; v=\"46,43\"","accept-ranges":"none","transfer-encoding":"chunked"}
[info] i  functions: packaged functions (40.6 KB) for uploading 
[debug] [2020-11-07T03:42:49.757Z] >>> HTTP REQUEST GET https://cloudfunctions.googleapis.com/v1/projects/nextjs-ecommerce/locations/-/functions  
 
[debug] [2020-11-07T03:42:50.385Z] <<< HTTP RESPONSE 200 {"content-type":"application/json; charset=UTF-8","vary":"X-Origin, Referer, Origin,Accept-Encoding","date":"Sat, 07 Nov 2020 03:42:50 GMT","server":"ESF","cache-control":"private","x-xss-protection":"0","x-frame-options":"SAMEORIGIN","x-content-type-options":"nosniff","alt-svc":"h3-Q050=\":443\"; ma=2592000,h3-29=\":443\"; ma=2592000,h3-T051=\":443\"; ma=2592000,h3-T050=\":443\"; ma=2592000,h3-Q046=\":443\"; ma=2592000,h3-Q043=\":443\"; ma=2592000,quic=\":443\"; ma=2592000; v=\"46,43\"","accept-ranges":"none","transfer-encoding":"chunked"}
[debug] [2020-11-07T03:42:50.387Z] >>> HTTP REQUEST POST https://cloudfunctions.googleapis.com/v1/projects/nextjs-ecommerce/locations/us-central1/functions:generateUploadUrl  
 
[debug] [2020-11-07T03:42:51.153Z] <<< HTTP RESPONSE 200 {"content-type":"application/json; charset=UTF-8","vary":"X-Origin, Referer, Origin,Accept-Encoding","date":"Sat, 07 Nov 2020 03:42:51 GMT","server":"ESF","cache-control":"private","x-xss-protection":"0","x-frame-options":"SAMEORIGIN","x-content-type-options":"nosniff","alt-svc":"h3-Q050=\":443\"; ma=2592000,h3-29=\":443\"; ma=2592000,h3-T051=\":443\"; ma=2592000,h3-T050=\":443\"; ma=2592000,h3-Q046=\":443\"; ma=2592000,h3-Q043=\":443\"; ma=2592000,quic=\":443\"; ma=2592000; v=\"46,43\"","accept-ranges":"none","transfer-encoding":"chunked"}
[debug] [2020-11-07T03:42:51.153Z] >>> HTTP REQUEST PUT https://storage.googleapis.com/gcf-upload-us-central1-211ad066-dd75-4cef-a6d0-dd48d8f07290/8cc252a9-d100-4409-a472-2d4cf6b22180.zip?GoogleAccessId=service-150574510139@gcf-admin-robot.iam.gserviceaccount.com&Expires=1604722371&Signature=J%2FPo%2Bdbo6InWuzhDouMaxAlGKhyiWUtAFJHnUnwirj1LdTC4gary6qXUEEQpG5JdrpR6qS3OwHdbs8VwAbEcRHYY3v1F%2BwiwF7ltu%2BEObmbz5yrFv%2BaxB7lP9IJbL32PUCFzjY3b4TknLYVmZt%2BwAI%2BZ2SdIfrpftycQvuWs2aD5gh4z3TqR1KE4OjmMvGMhp%2BCpAmMEb0lEg4y8MVCdkrULNqZWG4aganls6%2Fs6pQrafeFPx0FewoMhNvcxFZG463RC%2FIO8YqN%2FcMOk%2ByENrvSzR3%2Fi9mlRHmVJmTqKpWBBmZ7pvP0JqEu0IkM8YzETKOppuqHUI3aIDON6mkC1aQ%3D%3D  
 <request body omitted>
[debug] [2020-11-07T03:42:51.404Z] <<< HTTP RESPONSE 200 {"x-guploader-uploadid":"ABg5-UwKmcFXmyH0JE04-b0Nt4v8-Au1PqQYWA9d-QArbGcNxkb5j0gPzSdMXQ8L717aUf6QNYoRIZ9bp5sbg0NTda8","etag":"\"5e428bd5b889175c8fef5bb351acc237\"","x-goog-generation":"1604720571637421","x-goog-metageneration":"1","x-goog-hash":"crc32c=t1Cw2g==, md5=XkKL1biJF1yP71uzUazCNw==","x-goog-stored-content-length":"41577","x-goog-stored-content-encoding":"identity","vary":"Origin","content-length":"0","date":"Sat, 07 Nov 2020 03:42:51 GMT","server":"UploadServer","content-type":"text/html; charset=UTF-8","alt-svc":"h3-Q050=\":443\"; ma=2592000,h3-29=\":443\"; ma=2592000,h3-T051=\":443\"; ma=2592000,h3-T050=\":443\"; ma=2592000,h3-Q046=\":443\"; ma=2592000,h3-Q043=\":443\"; ma=2592000,quic=\":443\"; ma=2592000; v=\"46,43\""}
[info] +  functions: functions folder uploaded successfully 
[info] i  functions: updating Node.js 12 function createOrderAndSession(us-central1)... 
[debug] [2020-11-07T03:42:51.412Z] Trigger is:  {"httpsTrigger":{}}
[info] i  functions: updating Node.js 12 function createUserDocument(us-central1)... 
[debug] [2020-11-07T03:42:51.413Z] Trigger is:  {"eventTrigger":{"resource":"projects/nextjs-ecommerce","eventType":"providers/firebase.auth/eventTypes/user.create","service":"firebaseauth.googleapis.com"}}
[debug] [2020-11-07T03:42:51.415Z] >>> HTTP REQUEST PATCH https://cloudfunctions.googleapis.com/v1/projects/nextjs-ecommerce/locations/us-central1/functions/createOrderAndSession {"updateMask":"sourceUploadUrl,name,labels,runtime,environmentVariables,httpsTrigger"} 
 {"sourceUploadUrl":"https://storage.googleapis.com/gcf-upload-us-central1-211ad066-dd75-4cef-a6d0-dd48d8f07290/8cc252a9-d100-4409-a472-2d4cf6b22180.zip?GoogleAccessId=service-150574510139@gcf-admin-robot.iam.gserviceaccount.com&Expires=1604722371&Signature=J%2FPo%2Bdbo6InWuzhDouMaxAlGKhyiWUtAFJHnUnwirj1LdTC4gary6qXUEEQpG5JdrpR6qS3OwHdbs8VwAbEcRHYY3v1F%2BwiwF7ltu%2BEObmbz5yrFv%2BaxB7lP9IJbL32PUCFzjY3b4TknLYVmZt%2BwAI%2BZ2SdIfrpftycQvuWs2aD5gh4z3TqR1KE4OjmMvGMhp%2BCpAmMEb0lEg4y8MVCdkrULNqZWG4aganls6%2Fs6pQrafeFPx0FewoMhNvcxFZG463RC%2FIO8YqN%2FcMOk%2ByENrvSzR3%2Fi9mlRHmVJmTqKpWBBmZ7pvP0JqEu0IkM8YzETKOppuqHUI3aIDON6mkC1aQ%3D%3D","name":"projects/nextjs-ecommerce/locations/us-central1/functions/createOrderAndSession","labels":{"deployment-tool":"cli-firebase","deployment-callable":"true"},"httpsTrigger":{},"runtime":"nodejs12","environmentVariables":{"FIREBASE_CONFIG":"{\"projectId\":\"nextjs-ecommerce\",\"databaseURL\":\"https://nextjs-ecommerce.firebaseio.com\",\"storageBucket\":\"nextjs-ecommerce.appspot.com\",\"locationId\":\"us-central\"}"}}
[debug] [2020-11-07T03:42:51.415Z] >>> HTTP REQUEST PATCH https://cloudfunctions.googleapis.com/v1/projects/nextjs-ecommerce/locations/us-central1/functions/createUserDocument {"updateMask":"sourceUploadUrl,name,labels,runtime,environmentVariables,eventTrigger.resource,eventTrigger.eventType,eventTrigger.service,eventTrigger.failurePolicy"} 
 {"sourceUploadUrl":"https://storage.googleapis.com/gcf-upload-us-central1-211ad066-dd75-4cef-a6d0-dd48d8f07290/8cc252a9-d100-4409-a472-2d4cf6b22180.zip?GoogleAccessId=service-150574510139@gcf-admin-robot.iam.gserviceaccount.com&Expires=1604722371&Signature=J%2FPo%2Bdbo6InWuzhDouMaxAlGKhyiWUtAFJHnUnwirj1LdTC4gary6qXUEEQpG5JdrpR6qS3OwHdbs8VwAbEcRHYY3v1F%2BwiwF7ltu%2BEObmbz5yrFv%2BaxB7lP9IJbL32PUCFzjY3b4TknLYVmZt%2BwAI%2BZ2SdIfrpftycQvuWs2aD5gh4z3TqR1KE4OjmMvGMhp%2BCpAmMEb0lEg4y8MVCdkrULNqZWG4aganls6%2Fs6pQrafeFPx0FewoMhNvcxFZG463RC%2FIO8YqN%2FcMOk%2ByENrvSzR3%2Fi9mlRHmVJmTqKpWBBmZ7pvP0JqEu0IkM8YzETKOppuqHUI3aIDON6mkC1aQ%3D%3D","name":"projects/nextjs-ecommerce/locations/us-central1/functions/createUserDocument","labels":{"deployment-tool":"cli-firebase"},"eventTrigger":{"resource":"projects/nextjs-ecommerce","eventType":"providers/firebase.auth/eventTypes/user.create","service":"firebaseauth.googleapis.com"},"runtime":"nodejs12","environmentVariables":{"FIREBASE_CONFIG":"{\"projectId\":\"nextjs-ecommerce\",\"databaseURL\":\"https://nextjs-ecommerce.firebaseio.com\",\"storageBucket\":\"nextjs-ecommerce.appspot.com\",\"locationId\":\"us-central\"}"}}
[debug] [2020-11-07T03:42:52.071Z] <<< HTTP RESPONSE 200 {"content-type":"application/json; charset=UTF-8","vary":"X-Origin, Referer, Origin,Accept-Encoding","date":"Sat, 07 Nov 2020 03:42:52 GMT","server":"ESF","cache-control":"private","x-xss-protection":"0","x-frame-options":"SAMEORIGIN","x-content-type-options":"nosniff","alt-svc":"h3-Q050=\":443\"; ma=2592000,h3-29=\":443\"; ma=2592000,h3-T051=\":443\"; ma=2592000,h3-T050=\":443\"; ma=2592000,h3-Q046=\":443\"; ma=2592000,h3-Q043=\":443\"; ma=2592000,quic=\":443\"; ma=2592000; v=\"46,43\"","accept-ranges":"none","transfer-encoding":"chunked"}
[debug] [2020-11-07T03:42:52.126Z] <<< HTTP RESPONSE 200 {"content-type":"application/json; charset=UTF-8","vary":"X-Origin, Referer, Origin,Accept-Encoding","date":"Sat, 07 Nov 2020 03:42:52 GMT","server":"ESF","cache-control":"private","x-xss-protection":"0","x-frame-options":"SAMEORIGIN","x-content-type-options":"nosniff","alt-svc":"h3-Q050=\":443\"; ma=2592000,h3-29=\":443\"; ma=2592000,h3-T051=\":443\"; ma=2592000,h3-T050=\":443\"; ma=2592000,h3-Q046=\":443\"; ma=2592000,h3-Q043=\":443\"; ma=2592000,quic=\":443\"; ma=2592000; v=\"46,43\"","accept-ranges":"none","transfer-encoding":"chunked"}
[debug] [2020-11-07T03:42:52.127Z] >>> HTTP REQUEST GET https://cloudfunctions.googleapis.com/v1/projects/nextjs-ecommerce/locations/-/functions  
 
[debug] [2020-11-07T03:42:52.737Z] <<< HTTP RESPONSE 200 {"content-type":"application/json; charset=UTF-8","vary":"X-Origin, Referer, Origin,Accept-Encoding","date":"Sat, 07 Nov 2020 03:42:52 GMT","server":"ESF","cache-control":"private","x-xss-protection":"0","x-frame-options":"SAMEORIGIN","x-content-type-options":"nosniff","alt-svc":"h3-Q050=\":443\"; ma=2592000,h3-29=\":443\"; ma=2592000,h3-T051=\":443\"; ma=2592000,h3-T050=\":443\"; ma=2592000,h3-Q046=\":443\"; ma=2592000,h3-Q043=\":443\"; ma=2592000,quic=\":443\"; ma=2592000; v=\"46,43\"","accept-ranges":"none","transfer-encoding":"chunked"}
[debug] [2020-11-07T03:42:52.738Z] >>> HTTP REQUEST GET https://cloudfunctions.googleapis.com/v1/operations/bmV4dGpzLWVjb21tZXJjZS91cy1jZW50cmFsMS9jcmVhdGVPcmRlckFuZFNlc3Npb24vUmRTSkRiR0JTYkE  
 
[debug] [2020-11-07T03:42:52.738Z] >>> HTTP REQUEST GET https://cloudfunctions.googleapis.com/v1/operations/bmV4dGpzLWVjb21tZXJjZS91cy1jZW50cmFsMS9jcmVhdGVVc2VyRG9jdW1lbnQvdjlEaUxPM2htTGc  
 
[debug] [2020-11-07T03:42:52.917Z] <<< HTTP RESPONSE 200 {"content-type":"application/json; charset=UTF-8","vary":"X-Origin, Referer, Origin,Accept-Encoding","date":"Sat, 07 Nov 2020 03:42:53 GMT","server":"ESF","cache-control":"private","x-xss-protection":"0","x-frame-options":"SAMEORIGIN","x-content-type-options":"nosniff","alt-svc":"h3-Q050=\":443\"; ma=2592000,h3-29=\":443\"; ma=2592000,h3-T051=\":443\"; ma=2592000,h3-T050=\":443\"; ma=2592000,h3-Q046=\":443\"; ma=2592000,h3-Q043=\":443\"; ma=2592000,quic=\":443\"; ma=2592000; v=\"46,43\"","accept-ranges":"none","transfer-encoding":"chunked"}
[debug] [2020-11-07T03:42:52.919Z] <<< HTTP RESPONSE 200 {"content-type":"application/json; charset=UTF-8","vary":"X-Origin, Referer, Origin,Accept-Encoding","date":"Sat, 07 Nov 2020 03:42:53 GMT","server":"ESF","cache-control":"private","x-xss-protection":"0","x-frame-options":"SAMEORIGIN","x-content-type-options":"nosniff","alt-svc":"h3-Q050=\":443\"; ma=2592000,h3-29=\":443\"; ma=2592000,h3-T051=\":443\"; ma=2592000,h3-T050=\":443\"; ma=2592000,h3-Q046=\":443\"; ma=2592000,h3-Q043=\":443\"; ma=2592000,quic=\":443\"; ma=2592000; v=\"46,43\"","accept-ranges":"none","transfer-encoding":"chunked"}
[debug] [2020-11-07T03:42:54.918Z] >>> HTTP REQUEST GET https://cloudfunctions.googleapis.com/v1/operations/bmV4dGpzLWVjb21tZXJjZS91cy1jZW50cmFsMS9jcmVhdGVVc2VyRG9jdW1lbnQvdjlEaUxPM2htTGc  
 
[debug] [2020-11-07T03:42:54.920Z] >>> HTTP REQUEST GET https://cloudfunctions.googleapis.com/v1/operations/bmV4dGpzLWVjb21tZXJjZS91cy1jZW50cmFsMS9jcmVhdGVPcmRlckFuZFNlc3Npb24vUmRTSkRiR0JTYkE  
 
[debug] [2020-11-07T03:42:55.129Z] <<< HTTP RESPONSE 200 {"content-type":"application/json; charset=UTF-8","vary":"X-Origin, Referer, Origin,Accept-Encoding","date":"Sat, 07 Nov 2020 03:42:55 GMT","server":"ESF","cache-control":"private","x-xss-protection":"0","x-frame-options":"SAMEORIGIN","x-content-type-options":"nosniff","alt-svc":"h3-Q050=\":443\"; ma=2592000,h3-29=\":443\"; ma=2592000,h3-T051=\":443\"; ma=2592000,h3-T050=\":443\"; ma=2592000,h3-Q046=\":443\"; ma=2592000,h3-Q043=\":443\"; ma=2592000,quic=\":443\"; ma=2592000; v=\"46,43\"","accept-ranges":"none","transfer-encoding":"chunked"}
[debug] [2020-11-07T03:42:55.187Z] <<< HTTP RESPONSE 200 {"content-type":"application/json; charset=UTF-8","vary":"X-Origin, Referer, Origin,Accept-Encoding","date":"Sat, 07 Nov 2020 03:42:55 GMT","server":"ESF","cache-control":"private","x-xss-protection":"0","x-frame-options":"SAMEORIGIN","x-content-type-options":"nosniff","alt-svc":"h3-Q050=\":443\"; ma=2592000,h3-29=\":443\"; ma=2592000,h3-T051=\":443\"; ma=2592000,h3-T050=\":443\"; ma=2592000,h3-Q046=\":443\"; ma=2592000,h3-Q043=\":443\"; ma=2592000,quic=\":443\"; ma=2592000; v=\"46,43\"","accept-ranges":"none","transfer-encoding":"chunked"}
[debug] [2020-11-07T03:42:57.141Z] >>> HTTP REQUEST GET https://cloudfunctions.googleapis.com/v1/operations/bmV4dGpzLWVjb21tZXJjZS91cy1jZW50cmFsMS9jcmVhdGVPcmRlckFuZFNlc3Npb24vUmRTSkRiR0JTYkE  
 
[debug] [2020-11-07T03:42:57.189Z] >>> HTTP REQUEST GET https://cloudfunctions.googleapis.com/v1/operations/bmV4dGpzLWVjb21tZXJjZS91cy1jZW50cmFsMS9jcmVhdGVVc2VyRG9jdW1lbnQvdjlEaUxPM2htTGc  
 
[debug] [2020-11-07T03:42:57.317Z] <<< HTTP RESPONSE 200 {"content-type":"application/json; charset=UTF-8","vary":"X-Origin, Referer, Origin,Accept-Encoding","date":"Sat, 07 Nov 2020 03:42:57 GMT","server":"ESF","cache-control":"private","x-xss-protection":"0","x-frame-options":"SAMEORIGIN","x-content-type-options":"nosniff","alt-svc":"h3-Q050=\":443\"; ma=2592000,h3-29=\":443\"; ma=2592000,h3-T051=\":443\"; ma=2592000,h3-T050=\":443\"; ma=2592000,h3-Q046=\":443\"; ma=2592000,h3-Q043=\":443\"; ma=2592000,quic=\":443\"; ma=2592000; v=\"46,43\"","accept-ranges":"none","transfer-encoding":"chunked"}
[debug] [2020-11-07T03:42:57.375Z] <<< HTTP RESPONSE 200 {"content-type":"application/json; charset=UTF-8","vary":"X-Origin, Referer, Origin,Accept-Encoding","date":"Sat, 07 Nov 2020 03:42:57 GMT","server":"ESF","cache-control":"private","x-xss-protection":"0","x-frame-options":"SAMEORIGIN","x-content-type-options":"nosniff","alt-svc":"h3-Q050=\":443\"; ma=2592000,h3-29=\":443\"; ma=2592000,h3-T051=\":443\"; ma=2592000,h3-T050=\":443\"; ma=2592000,h3-Q046=\":443\"; ma=2592000,h3-Q043=\":443\"; ma=2592000,quic=\":443\"; ma=2592000; v=\"46,43\"","accept-ranges":"none","transfer-encoding":"chunked"}
[debug] [2020-11-07T03:42:59.321Z] >>> HTTP REQUEST GET https://cloudfunctions.googleapis.com/v1/operations/bmV4dGpzLWVjb21tZXJjZS91cy1jZW50cmFsMS9jcmVhdGVPcmRlckFuZFNlc3Npb24vUmRTSkRiR0JTYkE  
 
[debug] [2020-11-07T03:42:59.385Z] >>> HTTP REQUEST GET https://cloudfunctions.googleapis.com/v1/operations/bmV4dGpzLWVjb21tZXJjZS91cy1jZW50cmFsMS9jcmVhdGVVc2VyRG9jdW1lbnQvdjlEaUxPM2htTGc  
 
[debug] [2020-11-07T03:42:59.509Z] <<< HTTP RESPONSE 200 {"content-type":"application/json; charset=UTF-8","vary":"X-Origin, Referer, Origin,Accept-Encoding","date":"Sat, 07 Nov 2020 03:42:59 GMT","server":"ESF","cache-control":"private","x-xss-protection":"0","x-frame-options":"SAMEORIGIN","x-content-type-options":"nosniff","alt-svc":"h3-Q050=\":443\"; ma=2592000,h3-29=\":443\"; ma=2592000,h3-T051=\":443\"; ma=2592000,h3-T050=\":443\"; ma=2592000,h3-Q046=\":443\"; ma=2592000,h3-Q043=\":443\"; ma=2592000,quic=\":443\"; ma=2592000; v=\"46,43\"","accept-ranges":"none","transfer-encoding":"chunked"}
[debug] [2020-11-07T03:42:59.564Z] <<< HTTP RESPONSE 200 {"content-type":"application/json; charset=UTF-8","vary":"X-Origin, Referer, Origin,Accept-Encoding","date":"Sat, 07 Nov 2020 03:42:59 GMT","server":"ESF","cache-control":"private","x-xss-protection":"0","x-frame-options":"SAMEORIGIN","x-content-type-options":"nosniff","alt-svc":"h3-Q050=\":443\"; ma=2592000,h3-29=\":443\"; ma=2592000,h3-T051=\":443\"; ma=2592000,h3-T050=\":443\"; ma=2592000,h3-Q046=\":443\"; ma=2592000,h3-Q043=\":443\"; ma=2592000,quic=\":443\"; ma=2592000; v=\"46,43\"","accept-ranges":"none","transfer-encoding":"chunked"}
[debug] [2020-11-07T03:43:01.514Z] >>> HTTP REQUEST GET https://cloudfunctions.googleapis.com/v1/operations/bmV4dGpzLWVjb21tZXJjZS91cy1jZW50cmFsMS9jcmVhdGVPcmRlckFuZFNlc3Npb24vUmRTSkRiR0JTYkE  
 
[debug] [2020-11-07T03:43:01.573Z] >>> HTTP REQUEST GET https://cloudfunctions.googleapis.com/v1/operations/bmV4dGpzLWVjb21tZXJjZS91cy1jZW50cmFsMS9jcmVhdGVVc2VyRG9jdW1lbnQvdjlEaUxPM2htTGc  
 
[debug] [2020-11-07T03:43:01.695Z] <<< HTTP RESPONSE 200 {"content-type":"application/json; charset=UTF-8","vary":"X-Origin, Referer, Origin,Accept-Encoding","date":"Sat, 07 Nov 2020 03:43:01 GMT","server":"ESF","cache-control":"private","x-xss-protection":"0","x-frame-options":"SAMEORIGIN","x-content-type-options":"nosniff","alt-svc":"h3-Q050=\":443\"; ma=2592000,h3-29=\":443\"; ma=2592000,h3-T051=\":443\"; ma=2592000,h3-T050=\":443\"; ma=2592000,h3-Q046=\":443\"; ma=2592000,h3-Q043=\":443\"; ma=2592000,quic=\":443\"; ma=2592000; v=\"46,43\"","accept-ranges":"none","transfer-encoding":"chunked"}
[debug] [2020-11-07T03:43:01.746Z] <<< HTTP RESPONSE 200 {"content-type":"application/json; charset=UTF-8","vary":"X-Origin, Referer, Origin,Accept-Encoding","date":"Sat, 07 Nov 2020 03:43:01 GMT","server":"ESF","cache-control":"private","x-xss-protection":"0","x-frame-options":"SAMEORIGIN","x-content-type-options":"nosniff","alt-svc":"h3-Q050=\":443\"; ma=2592000,h3-29=\":443\"; ma=2592000,h3-T051=\":443\"; ma=2592000,h3-T050=\":443\"; ma=2592000,h3-Q046=\":443\"; ma=2592000,h3-Q043=\":443\"; ma=2592000,quic=\":443\"; ma=2592000; v=\"46,43\"","accept-ranges":"none","transfer-encoding":"chunked"}
[debug] [2020-11-07T03:43:03.696Z] >>> HTTP REQUEST GET https://cloudfunctions.googleapis.com/v1/operations/bmV4dGpzLWVjb21tZXJjZS91cy1jZW50cmFsMS9jcmVhdGVPcmRlckFuZFNlc3Npb24vUmRTSkRiR0JTYkE  
 
[debug] [2020-11-07T03:43:03.752Z] >>> HTTP REQUEST GET https://cloudfunctions.googleapis.com/v1/operations/bmV4dGpzLWVjb21tZXJjZS91cy1jZW50cmFsMS9jcmVhdGVVc2VyRG9jdW1lbnQvdjlEaUxPM2htTGc  
 
[debug] [2020-11-07T03:43:03.871Z] <<< HTTP RESPONSE 200 {"content-type":"application/json; charset=UTF-8","vary":"X-Origin, Referer, Origin,Accept-Encoding","date":"Sat, 07 Nov 2020 03:43:04 GMT","server":"ESF","cache-control":"private","x-xss-protection":"0","x-frame-options":"SAMEORIGIN","x-content-type-options":"nosniff","alt-svc":"h3-Q050=\":443\"; ma=2592000,h3-29=\":443\"; ma=2592000,h3-T051=\":443\"; ma=2592000,h3-T050=\":443\"; ma=2592000,h3-Q046=\":443\"; ma=2592000,h3-Q043=\":443\"; ma=2592000,quic=\":443\"; ma=2592000; v=\"46,43\"","accept-ranges":"none","transfer-encoding":"chunked"}
[debug] [2020-11-07T03:43:03.928Z] <<< HTTP RESPONSE 200 {"content-type":"application/json; charset=UTF-8","vary":"X-Origin, Referer, Origin,Accept-Encoding","date":"Sat, 07 Nov 2020 03:43:04 GMT","server":"ESF","cache-control":"private","x-xss-protection":"0","x-frame-options":"SAMEORIGIN","x-content-type-options":"nosniff","alt-svc":"h3-Q050=\":443\"; ma=2592000,h3-29=\":443\"; ma=2592000,h3-T051=\":443\"; ma=2592000,h3-T050=\":443\"; ma=2592000,h3-Q046=\":443\"; ma=2592000,h3-Q043=\":443\"; ma=2592000,quic=\":443\"; ma=2592000; v=\"46,43\"","accept-ranges":"none","transfer-encoding":"chunked"}
[debug] [2020-11-07T03:43:05.878Z] >>> HTTP REQUEST GET https://cloudfunctions.googleapis.com/v1/operations/bmV4dGpzLWVjb21tZXJjZS91cy1jZW50cmFsMS9jcmVhdGVPcmRlckFuZFNlc3Npb24vUmRTSkRiR0JTYkE  
 
[debug] [2020-11-07T03:43:05.935Z] >>> HTTP REQUEST GET https://cloudfunctions.googleapis.com/v1/operations/bmV4dGpzLWVjb21tZXJjZS91cy1jZW50cmFsMS9jcmVhdGVVc2VyRG9jdW1lbnQvdjlEaUxPM2htTGc  
 
[debug] [2020-11-07T03:43:06.061Z] <<< HTTP RESPONSE 200 {"content-type":"application/json; charset=UTF-8","vary":"X-Origin, Referer, Origin,Accept-Encoding","date":"Sat, 07 Nov 2020 03:43:06 GMT","server":"ESF","cache-control":"private","x-xss-protection":"0","x-frame-options":"SAMEORIGIN","x-content-type-options":"nosniff","alt-svc":"h3-Q050=\":443\"; ma=2592000,h3-29=\":443\"; ma=2592000,h3-T051=\":443\"; ma=2592000,h3-T050=\":443\"; ma=2592000,h3-Q046=\":443\"; ma=2592000,h3-Q043=\":443\"; ma=2592000,quic=\":443\"; ma=2592000; v=\"46,43\"","accept-ranges":"none","transfer-encoding":"chunked"}
[debug] [2020-11-07T03:43:06.116Z] <<< HTTP RESPONSE 200 {"content-type":"application/json; charset=UTF-8","vary":"X-Origin, Referer, Origin,Accept-Encoding","date":"Sat, 07 Nov 2020 03:43:06 GMT","server":"ESF","cache-control":"private","x-xss-protection":"0","x-frame-options":"SAMEORIGIN","x-content-type-options":"nosniff","alt-svc":"h3-Q050=\":443\"; ma=2592000,h3-29=\":443\"; ma=2592000,h3-T051=\":443\"; ma=2592000,h3-T050=\":443\"; ma=2592000,h3-Q046=\":443\"; ma=2592000,h3-Q043=\":443\"; ma=2592000,quic=\":443\"; ma=2592000; v=\"46,43\"","accept-ranges":"none","transfer-encoding":"chunked"}
[debug] [2020-11-07T03:43:08.064Z] >>> HTTP REQUEST GET https://cloudfunctions.googleapis.com/v1/operations/bmV4dGpzLWVjb21tZXJjZS91cy1jZW50cmFsMS9jcmVhdGVPcmRlckFuZFNlc3Npb24vUmRTSkRiR0JTYkE  
 
[debug] [2020-11-07T03:43:08.124Z] >>> HTTP REQUEST GET https://cloudfunctions.googleapis.com/v1/operations/bmV4dGpzLWVjb21tZXJjZS91cy1jZW50cmFsMS9jcmVhdGVVc2VyRG9jdW1lbnQvdjlEaUxPM2htTGc  
 
[debug] [2020-11-07T03:43:08.254Z] <<< HTTP RESPONSE 200 {"content-type":"application/json; charset=UTF-8","vary":"X-Origin, Referer, Origin,Accept-Encoding","date":"Sat, 07 Nov 2020 03:43:08 GMT","server":"ESF","cache-control":"private","x-xss-protection":"0","x-frame-options":"SAMEORIGIN","x-content-type-options":"nosniff","alt-svc":"h3-Q050=\":443\"; ma=2592000,h3-29=\":443\"; ma=2592000,h3-T051=\":443\"; ma=2592000,h3-T050=\":443\"; ma=2592000,h3-Q046=\":443\"; ma=2592000,h3-Q043=\":443\"; ma=2592000,quic=\":443\"; ma=2592000; v=\"46,43\"","accept-ranges":"none","transfer-encoding":"chunked"}
[debug] [2020-11-07T03:43:08.321Z] <<< HTTP RESPONSE 200 {"content-type":"application/json; charset=UTF-8","vary":"X-Origin, Referer, Origin,Accept-Encoding","date":"Sat, 07 Nov 2020 03:43:08 GMT","server":"ESF","cache-control":"private","x-xss-protection":"0","x-frame-options":"SAMEORIGIN","x-content-type-options":"nosniff","alt-svc":"h3-Q050=\":443\"; ma=2592000,h3-29=\":443\"; ma=2592000,h3-T051=\":443\"; ma=2592000,h3-T050=\":443\"; ma=2592000,h3-Q046=\":443\"; ma=2592000,h3-Q043=\":443\"; ma=2592000,quic=\":443\"; ma=2592000; v=\"46,43\"","accept-ranges":"none","transfer-encoding":"chunked"}
[debug] [2020-11-07T03:43:10.268Z] >>> HTTP REQUEST GET https://cloudfunctions.googleapis.com/v1/operations/bmV4dGpzLWVjb21tZXJjZS91cy1jZW50cmFsMS9jcmVhdGVPcmRlckFuZFNlc3Npb24vUmRTSkRiR0JTYkE  
 
[debug] [2020-11-07T03:43:10.328Z] >>> HTTP REQUEST GET https://cloudfunctions.googleapis.com/v1/operations/bmV4dGpzLWVjb21tZXJjZS91cy1jZW50cmFsMS9jcmVhdGVVc2VyRG9jdW1lbnQvdjlEaUxPM2htTGc  
 
[debug] [2020-11-07T03:43:10.489Z] <<< HTTP RESPONSE 200 {"content-type":"application/json; charset=UTF-8","vary":"X-Origin, Referer, Origin,Accept-Encoding","date":"Sat, 07 Nov 2020 03:43:10 GMT","server":"ESF","cache-control":"private","x-xss-protection":"0","x-frame-options":"SAMEORIGIN","x-content-type-options":"nosniff","alt-svc":"h3-Q050=\":443\"; ma=2592000,h3-29=\":443\"; ma=2592000,h3-T051=\":443\"; ma=2592000,h3-T050=\":443\"; ma=2592000,h3-Q046=\":443\"; ma=2592000,h3-Q043=\":443\"; ma=2592000,quic=\":443\"; ma=2592000; v=\"46,43\"","accept-ranges":"none","transfer-encoding":"chunked"}
[debug] [2020-11-07T03:43:10.507Z] <<< HTTP RESPONSE 200 {"content-type":"application/json; charset=UTF-8","vary":"X-Origin, Referer, Origin,Accept-Encoding","date":"Sat, 07 Nov 2020 03:43:10 GMT","server":"ESF","cache-control":"private","x-xss-protection":"0","x-frame-options":"SAMEORIGIN","x-content-type-options":"nosniff","alt-svc":"h3-Q050=\":443\"; ma=2592000,h3-29=\":443\"; ma=2592000,h3-T051=\":443\"; ma=2592000,h3-T050=\":443\"; ma=2592000,h3-Q046=\":443\"; ma=2592000,h3-Q043=\":443\"; ma=2592000,quic=\":443\"; ma=2592000; v=\"46,43\"","accept-ranges":"none","transfer-encoding":"chunked"}
[debug] [2020-11-07T03:43:12.503Z] >>> HTTP REQUEST GET https://cloudfunctions.googleapis.com/v1/operations/bmV4dGpzLWVjb21tZXJjZS91cy1jZW50cmFsMS9jcmVhdGVPcmRlckFuZFNlc3Npb24vUmRTSkRiR0JTYkE  
 
[debug] [2020-11-07T03:43:12.519Z] >>> HTTP REQUEST GET https://cloudfunctions.googleapis.com/v1/operations/bmV4dGpzLWVjb21tZXJjZS91cy1jZW50cmFsMS9jcmVhdGVVc2VyRG9jdW1lbnQvdjlEaUxPM2htTGc  
 
[debug] [2020-11-07T03:43:12.692Z] <<< HTTP RESPONSE 200 {"content-type":"application/json; charset=UTF-8","vary":"X-Origin, Referer, Origin,Accept-Encoding","date":"Sat, 07 Nov 2020 03:43:12 GMT","server":"ESF","cache-control":"private","x-xss-protection":"0","x-frame-options":"SAMEORIGIN","x-content-type-options":"nosniff","alt-svc":"h3-Q050=\":443\"; ma=2592000,h3-29=\":443\"; ma=2592000,h3-T051=\":443\"; ma=2592000,h3-T050=\":443\"; ma=2592000,h3-Q046=\":443\"; ma=2592000,h3-Q043=\":443\"; ma=2592000,quic=\":443\"; ma=2592000; v=\"46,43\"","accept-ranges":"none","transfer-encoding":"chunked"}
[debug] [2020-11-07T03:43:12.705Z] <<< HTTP RESPONSE 200 {"content-type":"application/json; charset=UTF-8","vary":"X-Origin, Referer, Origin,Accept-Encoding","date":"Sat, 07 Nov 2020 03:43:12 GMT","server":"ESF","cache-control":"private","x-xss-protection":"0","x-frame-options":"SAMEORIGIN","x-content-type-options":"nosniff","alt-svc":"h3-Q050=\":443\"; ma=2592000,h3-29=\":443\"; ma=2592000,h3-T051=\":443\"; ma=2592000,h3-T050=\":443\"; ma=2592000,h3-Q046=\":443\"; ma=2592000,h3-Q043=\":443\"; ma=2592000,quic=\":443\"; ma=2592000; v=\"46,43\"","accept-ranges":"none","transfer-encoding":"chunked"}
[debug] [2020-11-07T03:43:14.701Z] >>> HTTP REQUEST GET https://cloudfunctions.googleapis.com/v1/operations/bmV4dGpzLWVjb21tZXJjZS91cy1jZW50cmFsMS9jcmVhdGVPcmRlckFuZFNlc3Npb24vUmRTSkRiR0JTYkE  
 
[debug] [2020-11-07T03:43:14.717Z] >>> HTTP REQUEST GET https://cloudfunctions.googleapis.com/v1/operations/bmV4dGpzLWVjb21tZXJjZS91cy1jZW50cmFsMS9jcmVhdGVVc2VyRG9jdW1lbnQvdjlEaUxPM2htTGc  
 
[debug] [2020-11-07T03:43:14.882Z] <<< HTTP RESPONSE 200 {"content-type":"application/json; charset=UTF-8","vary":"X-Origin, Referer, Origin,Accept-Encoding","date":"Sat, 07 Nov 2020 03:43:15 GMT","server":"ESF","cache-control":"private","x-xss-protection":"0","x-frame-options":"SAMEORIGIN","x-content-type-options":"nosniff","alt-svc":"h3-Q050=\":443\"; ma=2592000,h3-29=\":443\"; ma=2592000,h3-T051=\":443\"; ma=2592000,h3-T050=\":443\"; ma=2592000,h3-Q046=\":443\"; ma=2592000,h3-Q043=\":443\"; ma=2592000,quic=\":443\"; ma=2592000; v=\"46,43\"","accept-ranges":"none","transfer-encoding":"chunked"}
[debug] [2020-11-07T03:43:14.911Z] <<< HTTP RESPONSE 200 {"content-type":"application/json; charset=UTF-8","vary":"X-Origin, Referer, Origin,Accept-Encoding","date":"Sat, 07 Nov 2020 03:43:15 GMT","server":"ESF","cache-control":"private","x-xss-protection":"0","x-frame-options":"SAMEORIGIN","x-content-type-options":"nosniff","alt-svc":"h3-Q050=\":443\"; ma=2592000,h3-29=\":443\"; ma=2592000,h3-T051=\":443\"; ma=2592000,h3-T050=\":443\"; ma=2592000,h3-Q046=\":443\"; ma=2592000,h3-Q043=\":443\"; ma=2592000,quic=\":443\"; ma=2592000; v=\"46,43\"","accept-ranges":"none","transfer-encoding":"chunked"}
[debug] [2020-11-07T03:43:16.896Z] >>> HTTP REQUEST GET https://cloudfunctions.googleapis.com/v1/operations/bmV4dGpzLWVjb21tZXJjZS91cy1jZW50cmFsMS9jcmVhdGVPcmRlckFuZFNlc3Npb24vUmRTSkRiR0JTYkE  
 
[debug] [2020-11-07T03:43:16.912Z] >>> HTTP REQUEST GET https://cloudfunctions.googleapis.com/v1/operations/bmV4dGpzLWVjb21tZXJjZS91cy1jZW50cmFsMS9jcmVhdGVVc2VyRG9jdW1lbnQvdjlEaUxPM2htTGc  
 
[debug] [2020-11-07T03:43:17.070Z] <<< HTTP RESPONSE 200 {"content-type":"application/json; charset=UTF-8","vary":"X-Origin, Referer, Origin,Accept-Encoding","date":"Sat, 07 Nov 2020 03:43:17 GMT","server":"ESF","cache-control":"private","x-xss-protection":"0","x-frame-options":"SAMEORIGIN","x-content-type-options":"nosniff","alt-svc":"h3-Q050=\":443\"; ma=2592000,h3-29=\":443\"; ma=2592000,h3-T051=\":443\"; ma=2592000,h3-T050=\":443\"; ma=2592000,h3-Q046=\":443\"; ma=2592000,h3-Q043=\":443\"; ma=2592000,quic=\":443\"; ma=2592000; v=\"46,43\"","accept-ranges":"none","transfer-encoding":"chunked"}
[debug] [2020-11-07T03:43:17.114Z] <<< HTTP RESPONSE 200 {"content-type":"application/json; charset=UTF-8","vary":"X-Origin, Referer, Origin,Accept-Encoding","date":"Sat, 07 Nov 2020 03:43:17 GMT","server":"ESF","cache-control":"private","x-xss-protection":"0","x-frame-options":"SAMEORIGIN","x-content-type-options":"nosniff","alt-svc":"h3-Q050=\":443\"; ma=2592000,h3-29=\":443\"; ma=2592000,h3-T051=\":443\"; ma=2592000,h3-T050=\":443\"; ma=2592000,h3-Q046=\":443\"; ma=2592000,h3-Q043=\":443\"; ma=2592000,quic=\":443\"; ma=2592000; v=\"46,43\"","accept-ranges":"none","transfer-encoding":"chunked"}
[debug] [2020-11-07T03:43:19.076Z] >>> HTTP REQUEST GET https://cloudfunctions.googleapis.com/v1/operations/bmV4dGpzLWVjb21tZXJjZS91cy1jZW50cmFsMS9jcmVhdGVPcmRlckFuZFNlc3Npb24vUmRTSkRiR0JTYkE  
 
[debug] [2020-11-07T03:43:19.124Z] >>> HTTP REQUEST GET https://cloudfunctions.googleapis.com/v1/operations/bmV4dGpzLWVjb21tZXJjZS91cy1jZW50cmFsMS9jcmVhdGVVc2VyRG9jdW1lbnQvdjlEaUxPM2htTGc  
 
[debug] [2020-11-07T03:43:19.293Z] <<< HTTP RESPONSE 200 {"content-type":"application/json; charset=UTF-8","vary":"X-Origin, Referer, Origin,Accept-Encoding","date":"Sat, 07 Nov 2020 03:43:19 GMT","server":"ESF","cache-control":"private","x-xss-protection":"0","x-frame-options":"SAMEORIGIN","x-content-type-options":"nosniff","alt-svc":"h3-Q050=\":443\"; ma=2592000,h3-29=\":443\"; ma=2592000,h3-T051=\":443\"; ma=2592000,h3-T050=\":443\"; ma=2592000,h3-Q046=\":443\"; ma=2592000,h3-Q043=\":443\"; ma=2592000,quic=\":443\"; ma=2592000; v=\"46,43\"","accept-ranges":"none","transfer-encoding":"chunked"}
[debug] [2020-11-07T03:43:19.325Z] <<< HTTP RESPONSE 200 {"content-type":"application/json; charset=UTF-8","vary":"X-Origin, Referer, Origin,Accept-Encoding","date":"Sat, 07 Nov 2020 03:43:19 GMT","server":"ESF","cache-control":"private","x-xss-protection":"0","x-frame-options":"SAMEORIGIN","x-content-type-options":"nosniff","alt-svc":"h3-Q050=\":443\"; ma=2592000,h3-29=\":443\"; ma=2592000,h3-T051=\":443\"; ma=2592000,h3-T050=\":443\"; ma=2592000,h3-Q046=\":443\"; ma=2592000,h3-Q043=\":443\"; ma=2592000,quic=\":443\"; ma=2592000; v=\"46,43\"","accept-ranges":"none","transfer-encoding":"chunked"}
[debug] [2020-11-07T03:43:21.302Z] >>> HTTP REQUEST GET https://cloudfunctions.googleapis.com/v1/operations/bmV4dGpzLWVjb21tZXJjZS91cy1jZW50cmFsMS9jcmVhdGVPcmRlckFuZFNlc3Npb24vUmRTSkRiR0JTYkE  
 
[debug] [2020-11-07T03:43:21.327Z] >>> HTTP REQUEST GET https://cloudfunctions.googleapis.com/v1/operations/bmV4dGpzLWVjb21tZXJjZS91cy1jZW50cmFsMS9jcmVhdGVVc2VyRG9jdW1lbnQvdjlEaUxPM2htTGc  
 
[debug] [2020-11-07T03:43:21.478Z] <<< HTTP RESPONSE 200 {"content-type":"application/json; charset=UTF-8","vary":"X-Origin, Referer, Origin,Accept-Encoding","date":"Sat, 07 Nov 2020 03:43:21 GMT","server":"ESF","cache-control":"private","x-xss-protection":"0","x-frame-options":"SAMEORIGIN","x-content-type-options":"nosniff","alt-svc":"h3-Q050=\":443\"; ma=2592000,h3-29=\":443\"; ma=2592000,h3-T051=\":443\"; ma=2592000,h3-T050=\":443\"; ma=2592000,h3-Q046=\":443\"; ma=2592000,h3-Q043=\":443\"; ma=2592000,quic=\":443\"; ma=2592000; v=\"46,43\"","accept-ranges":"none","transfer-encoding":"chunked"}
[debug] [2020-11-07T03:43:21.505Z] <<< HTTP RESPONSE 200 {"content-type":"application/json; charset=UTF-8","vary":"X-Origin, Referer, Origin,Accept-Encoding","date":"Sat, 07 Nov 2020 03:43:21 GMT","server":"ESF","cache-control":"private","x-xss-protection":"0","x-frame-options":"SAMEORIGIN","x-content-type-options":"nosniff","alt-svc":"h3-Q050=\":443\"; ma=2592000,h3-29=\":443\"; ma=2592000,h3-T051=\":443\"; ma=2592000,h3-T050=\":443\"; ma=2592000,h3-Q046=\":443\"; ma=2592000,h3-Q043=\":443\"; ma=2592000,quic=\":443\"; ma=2592000; v=\"46,43\"","accept-ranges":"none","transfer-encoding":"chunked"}
[debug] [2020-11-07T03:43:23.492Z] >>> HTTP REQUEST GET https://cloudfunctions.googleapis.com/v1/operations/bmV4dGpzLWVjb21tZXJjZS91cy1jZW50cmFsMS9jcmVhdGVPcmRlckFuZFNlc3Npb24vUmRTSkRiR0JTYkE  
 
[debug] [2020-11-07T03:43:23.507Z] >>> HTTP REQUEST GET https://cloudfunctions.googleapis.com/v1/operations/bmV4dGpzLWVjb21tZXJjZS91cy1jZW50cmFsMS9jcmVhdGVVc2VyRG9jdW1lbnQvdjlEaUxPM2htTGc  
 
[debug] [2020-11-07T03:43:23.670Z] <<< HTTP RESPONSE 200 {"content-type":"application/json; charset=UTF-8","vary":"X-Origin, Referer, Origin,Accept-Encoding","date":"Sat, 07 Nov 2020 03:43:23 GMT","server":"ESF","cache-control":"private","x-xss-protection":"0","x-frame-options":"SAMEORIGIN","x-content-type-options":"nosniff","alt-svc":"h3-Q050=\":443\"; ma=2592000,h3-29=\":443\"; ma=2592000,h3-T051=\":443\"; ma=2592000,h3-T050=\":443\"; ma=2592000,h3-Q046=\":443\"; ma=2592000,h3-Q043=\":443\"; ma=2592000,quic=\":443\"; ma=2592000; v=\"46,43\"","accept-ranges":"none","transfer-encoding":"chunked"}
[debug] [2020-11-07T03:43:23.694Z] <<< HTTP RESPONSE 200 {"content-type":"application/json; charset=UTF-8","vary":"X-Origin, Referer, Origin,Accept-Encoding","date":"Sat, 07 Nov 2020 03:43:23 GMT","server":"ESF","cache-control":"private","x-xss-protection":"0","x-frame-options":"SAMEORIGIN","x-content-type-options":"nosniff","alt-svc":"h3-Q050=\":443\"; ma=2592000,h3-29=\":443\"; ma=2592000,h3-T051=\":443\"; ma=2592000,h3-T050=\":443\"; ma=2592000,h3-Q046=\":443\"; ma=2592000,h3-Q043=\":443\"; ma=2592000,quic=\":443\"; ma=2592000; v=\"46,43\"","accept-ranges":"none","transfer-encoding":"chunked"}
[debug] [2020-11-07T03:43:25.676Z] >>> HTTP REQUEST GET https://cloudfunctions.googleapis.com/v1/operations/bmV4dGpzLWVjb21tZXJjZS91cy1jZW50cmFsMS9jcmVhdGVPcmRlckFuZFNlc3Npb24vUmRTSkRiR0JTYkE  
 
[debug] [2020-11-07T03:43:25.701Z] >>> HTTP REQUEST GET https://cloudfunctions.googleapis.com/v1/operations/bmV4dGpzLWVjb21tZXJjZS91cy1jZW50cmFsMS9jcmVhdGVVc2VyRG9jdW1lbnQvdjlEaUxPM2htTGc  
 
[debug] [2020-11-07T03:43:25.857Z] <<< HTTP RESPONSE 200 {"content-type":"application/json; charset=UTF-8","vary":"X-Origin, Referer, Origin,Accept-Encoding","date":"Sat, 07 Nov 2020 03:43:26 GMT","server":"ESF","cache-control":"private","x-xss-protection":"0","x-frame-options":"SAMEORIGIN","x-content-type-options":"nosniff","alt-svc":"h3-Q050=\":443\"; ma=2592000,h3-29=\":443\"; ma=2592000,h3-T051=\":443\"; ma=2592000,h3-T050=\":443\"; ma=2592000,h3-Q046=\":443\"; ma=2592000,h3-Q043=\":443\"; ma=2592000,quic=\":443\"; ma=2592000; v=\"46,43\"","accept-ranges":"none","transfer-encoding":"chunked"}
[debug] [2020-11-07T03:43:25.880Z] <<< HTTP RESPONSE 200 {"content-type":"application/json; charset=UTF-8","vary":"X-Origin, Referer, Origin,Accept-Encoding","date":"Sat, 07 Nov 2020 03:43:26 GMT","server":"ESF","cache-control":"private","x-xss-protection":"0","x-frame-options":"SAMEORIGIN","x-content-type-options":"nosniff","alt-svc":"h3-Q050=\":443\"; ma=2592000,h3-29=\":443\"; ma=2592000,h3-T051=\":443\"; ma=2592000,h3-T050=\":443\"; ma=2592000,h3-Q046=\":443\"; ma=2592000,h3-Q043=\":443\"; ma=2592000,quic=\":443\"; ma=2592000; v=\"46,43\"","accept-ranges":"none","transfer-encoding":"chunked"}
[debug] [2020-11-07T03:43:27.860Z] >>> HTTP REQUEST GET https://cloudfunctions.googleapis.com/v1/operations/bmV4dGpzLWVjb21tZXJjZS91cy1jZW50cmFsMS9jcmVhdGVPcmRlckFuZFNlc3Npb24vUmRTSkRiR0JTYkE  
 
[debug] [2020-11-07T03:43:27.887Z] >>> HTTP REQUEST GET https://cloudfunctions.googleapis.com/v1/operations/bmV4dGpzLWVjb21tZXJjZS91cy1jZW50cmFsMS9jcmVhdGVVc2VyRG9jdW1lbnQvdjlEaUxPM2htTGc  
 
[debug] [2020-11-07T03:43:28.042Z] <<< HTTP RESPONSE 200 {"content-type":"application/json; charset=UTF-8","vary":"X-Origin, Referer, Origin,Accept-Encoding","date":"Sat, 07 Nov 2020 03:43:28 GMT","server":"ESF","cache-control":"private","x-xss-protection":"0","x-frame-options":"SAMEORIGIN","x-content-type-options":"nosniff","alt-svc":"h3-Q050=\":443\"; ma=2592000,h3-29=\":443\"; ma=2592000,h3-T051=\":443\"; ma=2592000,h3-T050=\":443\"; ma=2592000,h3-Q046=\":443\"; ma=2592000,h3-Q043=\":443\"; ma=2592000,quic=\":443\"; ma=2592000; v=\"46,43\"","accept-ranges":"none","transfer-encoding":"chunked"}
[debug] [2020-11-07T03:43:28.066Z] <<< HTTP RESPONSE 200 {"content-type":"application/json; charset=UTF-8","vary":"X-Origin, Referer, Origin,Accept-Encoding","date":"Sat, 07 Nov 2020 03:43:28 GMT","server":"ESF","cache-control":"private","x-xss-protection":"0","x-frame-options":"SAMEORIGIN","x-content-type-options":"nosniff","alt-svc":"h3-Q050=\":443\"; ma=2592000,h3-29=\":443\"; ma=2592000,h3-T051=\":443\"; ma=2592000,h3-T050=\":443\"; ma=2592000,h3-Q046=\":443\"; ma=2592000,h3-Q043=\":443\"; ma=2592000,quic=\":443\"; ma=2592000; v=\"46,43\"","accept-ranges":"none","transfer-encoding":"chunked"}
[debug] [2020-11-07T03:43:30.053Z] >>> HTTP REQUEST GET https://cloudfunctions.googleapis.com/v1/operations/bmV4dGpzLWVjb21tZXJjZS91cy1jZW50cmFsMS9jcmVhdGVPcmRlckFuZFNlc3Npb24vUmRTSkRiR0JTYkE  
 
[debug] [2020-11-07T03:43:30.069Z] >>> HTTP REQUEST GET https://cloudfunctions.googleapis.com/v1/operations/bmV4dGpzLWVjb21tZXJjZS91cy1jZW50cmFsMS9jcmVhdGVVc2VyRG9jdW1lbnQvdjlEaUxPM2htTGc  
 
[debug] [2020-11-07T03:43:30.238Z] <<< HTTP RESPONSE 200 {"content-type":"application/json; charset=UTF-8","vary":"X-Origin, Referer, Origin,Accept-Encoding","date":"Sat, 07 Nov 2020 03:43:30 GMT","server":"ESF","cache-control":"private","x-xss-protection":"0","x-frame-options":"SAMEORIGIN","x-content-type-options":"nosniff","alt-svc":"h3-Q050=\":443\"; ma=2592000,h3-29=\":443\"; ma=2592000,h3-T051=\":443\"; ma=2592000,h3-T050=\":443\"; ma=2592000,h3-Q046=\":443\"; ma=2592000,h3-Q043=\":443\"; ma=2592000,quic=\":443\"; ma=2592000; v=\"46,43\"","accept-ranges":"none","transfer-encoding":"chunked"}
[debug] [2020-11-07T03:43:30.249Z] <<< HTTP RESPONSE 200 {"content-type":"application/json; charset=UTF-8","vary":"X-Origin, Referer, Origin,Accept-Encoding","date":"Sat, 07 Nov 2020 03:43:30 GMT","server":"ESF","cache-control":"private","x-xss-protection":"0","x-frame-options":"SAMEORIGIN","x-content-type-options":"nosniff","alt-svc":"h3-Q050=\":443\"; ma=2592000,h3-29=\":443\"; ma=2592000,h3-T051=\":443\"; ma=2592000,h3-T050=\":443\"; ma=2592000,h3-Q046=\":443\"; ma=2592000,h3-Q043=\":443\"; ma=2592000,quic=\":443\"; ma=2592000; v=\"46,43\"","accept-ranges":"none","transfer-encoding":"chunked"}
[debug] [2020-11-07T03:43:32.239Z] >>> HTTP REQUEST GET https://cloudfunctions.googleapis.com/v1/operations/bmV4dGpzLWVjb21tZXJjZS91cy1jZW50cmFsMS9jcmVhdGVPcmRlckFuZFNlc3Npb24vUmRTSkRiR0JTYkE  
 
[debug] [2020-11-07T03:43:32.255Z] >>> HTTP REQUEST GET https://cloudfunctions.googleapis.com/v1/operations/bmV4dGpzLWVjb21tZXJjZS91cy1jZW50cmFsMS9jcmVhdGVVc2VyRG9jdW1lbnQvdjlEaUxPM2htTGc  
 
[debug] [2020-11-07T03:43:32.420Z] <<< HTTP RESPONSE 200 {"content-type":"application/json; charset=UTF-8","vary":"X-Origin, Referer, Origin,Accept-Encoding","date":"Sat, 07 Nov 2020 03:43:32 GMT","server":"ESF","cache-control":"private","x-xss-protection":"0","x-frame-options":"SAMEORIGIN","x-content-type-options":"nosniff","alt-svc":"h3-Q050=\":443\"; ma=2592000,h3-29=\":443\"; ma=2592000,h3-T051=\":443\"; ma=2592000,h3-T050=\":443\"; ma=2592000,h3-Q046=\":443\"; ma=2592000,h3-Q043=\":443\"; ma=2592000,quic=\":443\"; ma=2592000; v=\"46,43\"","accept-ranges":"none","transfer-encoding":"chunked"}
[debug] [2020-11-07T03:43:32.440Z] <<< HTTP RESPONSE 200 {"content-type":"application/json; charset=UTF-8","vary":"X-Origin, Referer, Origin,Accept-Encoding","date":"Sat, 07 Nov 2020 03:43:32 GMT","server":"ESF","cache-control":"private","x-xss-protection":"0","x-frame-options":"SAMEORIGIN","x-content-type-options":"nosniff","alt-svc":"h3-Q050=\":443\"; ma=2592000,h3-29=\":443\"; ma=2592000,h3-T051=\":443\"; ma=2592000,h3-T050=\":443\"; ma=2592000,h3-Q046=\":443\"; ma=2592000,h3-Q043=\":443\"; ma=2592000,quic=\":443\"; ma=2592000; v=\"46,43\"","accept-ranges":"none","transfer-encoding":"chunked"}
[debug] [2020-11-07T03:43:34.433Z] >>> HTTP REQUEST GET https://cloudfunctions.googleapis.com/v1/operations/bmV4dGpzLWVjb21tZXJjZS91cy1jZW50cmFsMS9jcmVhdGVPcmRlckFuZFNlc3Npb24vUmRTSkRiR0JTYkE  
 
[debug] [2020-11-07T03:43:34.448Z] >>> HTTP REQUEST GET https://cloudfunctions.googleapis.com/v1/operations/bmV4dGpzLWVjb21tZXJjZS91cy1jZW50cmFsMS9jcmVhdGVVc2VyRG9jdW1lbnQvdjlEaUxPM2htTGc  
 
[debug] [2020-11-07T03:43:34.612Z] <<< HTTP RESPONSE 200 {"content-type":"application/json; charset=UTF-8","vary":"X-Origin, Referer, Origin,Accept-Encoding","date":"Sat, 07 Nov 2020 03:43:34 GMT","server":"ESF","cache-control":"private","x-xss-protection":"0","x-frame-options":"SAMEORIGIN","x-content-type-options":"nosniff","alt-svc":"h3-Q050=\":443\"; ma=2592000,h3-29=\":443\"; ma=2592000,h3-T051=\":443\"; ma=2592000,h3-T050=\":443\"; ma=2592000,h3-Q046=\":443\"; ma=2592000,h3-Q043=\":443\"; ma=2592000,quic=\":443\"; ma=2592000; v=\"46,43\"","accept-ranges":"none","transfer-encoding":"chunked"}
[debug] [2020-11-07T03:43:34.620Z] <<< HTTP RESPONSE 200 {"content-type":"application/json; charset=UTF-8","vary":"X-Origin, Referer, Origin,Accept-Encoding","date":"Sat, 07 Nov 2020 03:43:34 GMT","server":"ESF","cache-control":"private","x-xss-protection":"0","x-frame-options":"SAMEORIGIN","x-content-type-options":"nosniff","alt-svc":"h3-Q050=\":443\"; ma=2592000,h3-29=\":443\"; ma=2592000,h3-T051=\":443\"; ma=2592000,h3-T050=\":443\"; ma=2592000,h3-Q046=\":443\"; ma=2592000,h3-Q043=\":443\"; ma=2592000,quic=\":443\"; ma=2592000; v=\"46,43\"","accept-ranges":"none","transfer-encoding":"chunked"}
[debug] [2020-11-07T03:43:36.623Z] >>> HTTP REQUEST GET https://cloudfunctions.googleapis.com/v1/operations/bmV4dGpzLWVjb21tZXJjZS91cy1jZW50cmFsMS9jcmVhdGVPcmRlckFuZFNlc3Npb24vUmRTSkRiR0JTYkE  
 
[debug] [2020-11-07T03:43:36.623Z] >>> HTTP REQUEST GET https://cloudfunctions.googleapis.com/v1/operations/bmV4dGpzLWVjb21tZXJjZS91cy1jZW50cmFsMS9jcmVhdGVVc2VyRG9jdW1lbnQvdjlEaUxPM2htTGc  
 
[debug] [2020-11-07T03:43:36.811Z] <<< HTTP RESPONSE 200 {"content-type":"application/json; charset=UTF-8","vary":"X-Origin, Referer, Origin,Accept-Encoding","date":"Sat, 07 Nov 2020 03:43:37 GMT","server":"ESF","cache-control":"private","x-xss-protection":"0","x-frame-options":"SAMEORIGIN","x-content-type-options":"nosniff","alt-svc":"h3-Q050=\":443\"; ma=2592000,h3-29=\":443\"; ma=2592000,h3-T051=\":443\"; ma=2592000,h3-T050=\":443\"; ma=2592000,h3-Q046=\":443\"; ma=2592000,h3-Q043=\":443\"; ma=2592000,quic=\":443\"; ma=2592000; v=\"46,43\"","accept-ranges":"none","transfer-encoding":"chunked"}
[debug] [2020-11-07T03:43:36.815Z] <<< HTTP RESPONSE 200 {"content-type":"application/json; charset=UTF-8","vary":"X-Origin, Referer, Origin,Accept-Encoding","date":"Sat, 07 Nov 2020 03:43:37 GMT","server":"ESF","cache-control":"private","x-xss-protection":"0","x-frame-options":"SAMEORIGIN","x-content-type-options":"nosniff","alt-svc":"h3-Q050=\":443\"; ma=2592000,h3-29=\":443\"; ma=2592000,h3-T051=\":443\"; ma=2592000,h3-T050=\":443\"; ma=2592000,h3-Q046=\":443\"; ma=2592000,h3-Q043=\":443\"; ma=2592000,quic=\":443\"; ma=2592000; v=\"46,43\"","accept-ranges":"none","transfer-encoding":"chunked"}
[debug] [2020-11-07T03:43:38.812Z] >>> HTTP REQUEST GET https://cloudfunctions.googleapis.com/v1/operations/bmV4dGpzLWVjb21tZXJjZS91cy1jZW50cmFsMS9jcmVhdGVPcmRlckFuZFNlc3Npb24vUmRTSkRiR0JTYkE  
 
[debug] [2020-11-07T03:43:38.828Z] >>> HTTP REQUEST GET https://cloudfunctions.googleapis.com/v1/operations/bmV4dGpzLWVjb21tZXJjZS91cy1jZW50cmFsMS9jcmVhdGVVc2VyRG9jdW1lbnQvdjlEaUxPM2htTGc  
 
[debug] [2020-11-07T03:43:39.003Z] <<< HTTP RESPONSE 200 {"content-type":"application/json; charset=UTF-8","vary":"X-Origin, Referer, Origin,Accept-Encoding","date":"Sat, 07 Nov 2020 03:43:39 GMT","server":"ESF","cache-control":"private","x-xss-protection":"0","x-frame-options":"SAMEORIGIN","x-content-type-options":"nosniff","alt-svc":"h3-Q050=\":443\"; ma=2592000,h3-29=\":443\"; ma=2592000,h3-T051=\":443\"; ma=2592000,h3-T050=\":443\"; ma=2592000,h3-Q046=\":443\"; ma=2592000,h3-Q043=\":443\"; ma=2592000,quic=\":443\"; ma=2592000; v=\"46,43\"","accept-ranges":"none","transfer-encoding":"chunked"}
[debug] [2020-11-07T03:43:39.022Z] <<< HTTP RESPONSE 200 {"content-type":"application/json; charset=UTF-8","vary":"X-Origin, Referer, Origin,Accept-Encoding","date":"Sat, 07 Nov 2020 03:43:39 GMT","server":"ESF","cache-control":"private","x-xss-protection":"0","x-frame-options":"SAMEORIGIN","x-content-type-options":"nosniff","alt-svc":"h3-Q050=\":443\"; ma=2592000,h3-29=\":443\"; ma=2592000,h3-T051=\":443\"; ma=2592000,h3-T050=\":443\"; ma=2592000,h3-Q046=\":443\"; ma=2592000,h3-Q043=\":443\"; ma=2592000,quic=\":443\"; ma=2592000; v=\"46,43\"","accept-ranges":"none","transfer-encoding":"chunked"}
[debug] [2020-11-07T03:43:41.016Z] >>> HTTP REQUEST GET https://cloudfunctions.googleapis.com/v1/operations/bmV4dGpzLWVjb21tZXJjZS91cy1jZW50cmFsMS9jcmVhdGVVc2VyRG9jdW1lbnQvdjlEaUxPM2htTGc  
 
[debug] [2020-11-07T03:43:41.032Z] >>> HTTP REQUEST GET https://cloudfunctions.googleapis.com/v1/operations/bmV4dGpzLWVjb21tZXJjZS91cy1jZW50cmFsMS9jcmVhdGVPcmRlckFuZFNlc3Npb24vUmRTSkRiR0JTYkE  
 
[debug] [2020-11-07T03:43:41.196Z] <<< HTTP RESPONSE 200 {"content-type":"application/json; charset=UTF-8","vary":"X-Origin, Referer, Origin,Accept-Encoding","date":"Sat, 07 Nov 2020 03:43:41 GMT","server":"ESF","cache-control":"private","x-xss-protection":"0","x-frame-options":"SAMEORIGIN","x-content-type-options":"nosniff","alt-svc":"h3-Q050=\":443\"; ma=2592000,h3-29=\":443\"; ma=2592000,h3-T051=\":443\"; ma=2592000,h3-T050=\":443\"; ma=2592000,h3-Q046=\":443\"; ma=2592000,h3-Q043=\":443\"; ma=2592000,quic=\":443\"; ma=2592000; v=\"46,43\"","accept-ranges":"none","transfer-encoding":"chunked"}
[debug] [2020-11-07T03:43:41.208Z] <<< HTTP RESPONSE 200 {"content-type":"application/json; charset=UTF-8","vary":"X-Origin, Referer, Origin,Accept-Encoding","date":"Sat, 07 Nov 2020 03:43:41 GMT","server":"ESF","cache-control":"private","x-xss-protection":"0","x-frame-options":"SAMEORIGIN","x-content-type-options":"nosniff","alt-svc":"h3-Q050=\":443\"; ma=2592000,h3-29=\":443\"; ma=2592000,h3-T051=\":443\"; ma=2592000,h3-T050=\":443\"; ma=2592000,h3-Q046=\":443\"; ma=2592000,h3-Q043=\":443\"; ma=2592000,quic=\":443\"; ma=2592000; v=\"46,43\"","accept-ranges":"none","transfer-encoding":"chunked"}
[debug] [2020-11-07T03:43:43.209Z] >>> HTTP REQUEST GET https://cloudfunctions.googleapis.com/v1/operations/bmV4dGpzLWVjb21tZXJjZS91cy1jZW50cmFsMS9jcmVhdGVVc2VyRG9jdW1lbnQvdjlEaUxPM2htTGc  
 
[debug] [2020-11-07T03:43:43.210Z] >>> HTTP REQUEST GET https://cloudfunctions.googleapis.com/v1/operations/bmV4dGpzLWVjb21tZXJjZS91cy1jZW50cmFsMS9jcmVhdGVPcmRlckFuZFNlc3Npb24vUmRTSkRiR0JTYkE  
 
[debug] [2020-11-07T03:43:43.385Z] <<< HTTP RESPONSE 200 {"content-type":"application/json; charset=UTF-8","vary":"X-Origin, Referer, Origin,Accept-Encoding","date":"Sat, 07 Nov 2020 03:43:43 GMT","server":"ESF","cache-control":"private","x-xss-protection":"0","x-frame-options":"SAMEORIGIN","x-content-type-options":"nosniff","alt-svc":"h3-Q050=\":443\"; ma=2592000,h3-29=\":443\"; ma=2592000,h3-T051=\":443\"; ma=2592000,h3-T050=\":443\"; ma=2592000,h3-Q046=\":443\"; ma=2592000,h3-Q043=\":443\"; ma=2592000,quic=\":443\"; ma=2592000; v=\"46,43\"","accept-ranges":"none","transfer-encoding":"chunked"}
[debug] [2020-11-07T03:43:43.387Z] <<< HTTP RESPONSE 200 {"content-type":"application/json; charset=UTF-8","vary":"X-Origin, Referer, Origin,Accept-Encoding","date":"Sat, 07 Nov 2020 03:43:43 GMT","server":"ESF","cache-control":"private","x-xss-protection":"0","x-frame-options":"SAMEORIGIN","x-content-type-options":"nosniff","alt-svc":"h3-Q050=\":443\"; ma=2592000,h3-29=\":443\"; ma=2592000,h3-T051=\":443\"; ma=2592000,h3-T050=\":443\"; ma=2592000,h3-Q046=\":443\"; ma=2592000,h3-Q043=\":443\"; ma=2592000,quic=\":443\"; ma=2592000; v=\"46,43\"","accept-ranges":"none","transfer-encoding":"chunked"}
[debug] [2020-11-07T03:43:45.385Z] >>> HTTP REQUEST GET https://cloudfunctions.googleapis.com/v1/operations/bmV4dGpzLWVjb21tZXJjZS91cy1jZW50cmFsMS9jcmVhdGVPcmRlckFuZFNlc3Npb24vUmRTSkRiR0JTYkE  
 
[debug] [2020-11-07T03:43:45.401Z] >>> HTTP REQUEST GET https://cloudfunctions.googleapis.com/v1/operations/bmV4dGpzLWVjb21tZXJjZS91cy1jZW50cmFsMS9jcmVhdGVVc2VyRG9jdW1lbnQvdjlEaUxPM2htTGc  
 
